生成启动时间为 2017/6/29 22:28:28。
     1>项目“F:\vsproject\listDemo\listDemo\listDemo.vcxproj”在节点 2 上(build 个目标)。
     1>PrepareForBuild:
         正在创建目录“F:\vsproject\listDemo\Debug\”。
       InitializeBuildStatus:
         正在创建“Debug\listDemo.unsuccessfulbuild”，因为已指定“AlwaysCreate”。
       ClCompile:
         D:\Microsoft Visual Studio 10.0\VC\bin\CL.exe /c /ZI /nologo /W3 /WX- /Od /Oy- /D WIN32 /D _DEBUG /D _CONSOLE /D _UNICODE /D UNICODE /Gm /EHsc /RTC1 /MDd /GS /fp:precise /Zc:wchar_t /Zc:forScope /Fo"Debug\\" /Fd"Debug\vc100.pdb" /Gd /TP /analyze- /errorReport:prompt listDemo.cpp
         listDemo.cpp
     1>f:\vsproject\listdemo\listdemo\listdemo.cpp(119): warning C4996: 'scanf': This function or variable may be unsafe. Consider using scanf_s instead. To disable deprecation, use _CRT_SECURE_NO_WARNINGS. See online help for details.
                 d:\microsoft visual studio 10.0\vc\include\stdio.h(304) : 参见“scanf”的声明
     1>f:\vsproject\listdemo\listdemo\listdemo.cpp(121): warning C4996: 'scanf': This function or variable may be unsafe. Consider using scanf_s instead. To disable deprecation, use _CRT_SECURE_NO_WARNINGS. See online help for details.
                 d:\microsoft visual studio 10.0\vc\include\stdio.h(304) : 参见“scanf”的声明
       ManifestResourceCompile:
         C:\Program Files (x86)\Microsoft SDKs\Windows\v7.0A\bin\rc.exe /nologo /fo"Debug\listDemo.exe.embed.manifest.res" Debug\listDemo_manifest.rc 
       Link:
         D:\Microsoft Visual Studio 10.0\VC\bin\link.exe /ERRORREPORT:PROMPT /OUT:"F:\vsproject\listDemo\Debug\listDemo.exe" /INCREMENTAL /NOLOGO kernel32.lib user32.lib gdi32.lib winspool.lib comdlg32.lib advapi32.lib shell32.lib ole32.lib oleaut32.lib uuid.lib odbc32.lib odbccp32.lib /MANIFEST /ManifestFile:"Debug\listDemo.exe.intermediate.manifest" /MANIFESTUAC:"level='asInvoker' uiAccess='false'" /DEBUG /PDB:"F:\vsproject\listDemo\Debug\listDemo.pdb" /SUBSYSTEM:CONSOLE /TLBID:1 /DYNAMICBASE /NXCOMPAT /IMPLIB:"F:\vsproject\listDemo\Debug\listDemo.lib" /MACHINE:X86 Debug\listDemo.exe.embed.manifest.res
         Debug\listDemo.obj
       Manifest:
         C:\Program Files (x86)\Microsoft SDKs\Windows\v7.0A\bin\mt.exe /nologo /verbose /out:"Debug\listDemo.exe.embed.manifest" /manifest Debug\listDemo.exe.intermediate.manifest
         C:\Program Files (x86)\Microsoft SDKs\Windows\v7.0A\bin\rc.exe /nologo /fo"Debug\listDemo.exe.embed.manifest.res" Debug\listDemo_manifest.rc 
       LinkEmbedManifest:
         D:\Microsoft Visual Studio 10.0\VC\bin\link.exe /ERRORREPORT:PROMPT /OUT:"F:\vsproject\listDemo\Debug\listDemo.exe" /INCREMENTAL /NOLOGO kernel32.lib user32.lib gdi32.lib winspool.lib comdlg32.lib advapi32.lib shell32.lib ole32.lib oleaut32.lib uuid.lib odbc32.lib odbccp32.lib /MANIFEST /ManifestFile:"Debug\listDemo.exe.intermediate.manifest" /MANIFESTUAC:"level='asInvoker' uiAccess='false'" /DEBUG /PDB:"F:\vsproject\listDemo\Debug\listDemo.pdb" /SUBSYSTEM:CONSOLE /TLBID:1 /DYNAMICBASE /NXCOMPAT /IMPLIB:"F:\vsproject\listDemo\Debug\listDemo.lib" /MACHINE:X86 Debug\listDemo.exe.embed.manifest.res
         Debug\listDemo.obj
         listDemo.vcxproj -> F:\vsproject\listDemo\Debug\listDemo.exe
       FinalizeBuildStatus:
         正在删除文件“Debug\listDemo.unsuccessfulbuild”。
         正在对“Debug\listDemo.lastbuildstate”执行 Touch 任务。
     1>已完成生成项目“F:\vsproject\listDemo\listDemo\listDemo.vcxproj”(build 个目标)的操作。

生成成功。

已用时间 00:00:02.63
